{"level":"error","message":"400 - AuthenticationError: Credenciales inválidas. Intenta nuevamente."}
{"level":"error","message":"Error controlado: Credenciales inválidas. Intenta nuevamente.","service":"user-service","stack":"AuthenticationError: Credenciales inválidas. Intenta nuevamente.\n    at Strategy._verify (C:\\Users\\leand\\Desktop\\Backend p\\Desafio-Backend-Rodriguez-Leandro\\src\\config\\passport.config.js:25:15)","status":400,"timestamp":"2024-09-25T18:19:41.739Z","type":"AuthenticationError"}
2024-09-25 15:21:19 [info]: Configuración del logger: Entorno -> production, Nivel de log -> info
2024-09-25 15:21:19 [info]: Servidor escuchando en el puerto 8080
2024-09-25 15:21:20 [info]: Conectado a MongoDB Atlas
2024-09-25 15:21:23 [error]: 400 - AuthenticationError: Credenciales inválidas. Intenta nuevamente.
2024-09-25 15:21:23 [error]: Error controlado: Credenciales inválidas. Intenta nuevamente.
2024-09-25 15:24:50 [info]: Configuración del logger: Entorno -> production, Nivel de log -> info
2024-09-25 15:24:51 [info]: Servidor escuchando en el puerto 8080
2024-09-25 15:24:51 [info]: Conectado a MongoDB Atlas
2024-09-25 15:24:58 [error]: 400 - AuthenticationError: Credenciales inválidas. Intenta nuevamente.
2024-09-25 15:24:58 [error]: Error controlado: Credenciales inválidas. Intenta nuevamente.
2024-09-25 15:27:10 [info]: Configuración del logger: Entorno -> production, Nivel de log -> info
2024-09-25 15:27:11 [info]: Servidor escuchando en el puerto 8080
2024-09-25 15:27:12 [info]: Conectado a MongoDB Atlas
2024-09-25 15:27:22 [error]: 400 - AuthenticationError: Credenciales inválidas. Intenta nuevamente.
2024-09-25 15:27:22 [error]: Error controlado: Credenciales inválidas. Intenta nuevamente.
2024-09-25 15:28:36 [info]: Configuración del logger: Entorno -> production, Nivel de log -> info
2024-09-25 15:28:36 [info]: Servidor escuchando en el puerto 8080
2024-09-25 15:28:37 [info]: Conectado a MongoDB Atlas
2024-09-25 15:28:52 [info]: Configuración del logger: Entorno -> production, Nivel de log -> info
2024-09-25 15:28:53 [info]: Servidor escuchando en el puerto 8080
2024-09-25 15:28:53 [info]: Conectado a MongoDB Atlas
2024-09-25 15:29:25 [info]: Configuración del logger: Entorno -> production, Nivel de log -> info
2024-09-25 15:29:25 [info]: Servidor escuchando en el puerto 8080
2024-09-25 15:29:26 [info]: Conectado a MongoDB Atlas
2024-09-25 15:29:42 [info]: Configuración del logger: Entorno -> production, Nivel de log -> info
2024-09-25 15:29:42 [info]: Servidor escuchando en el puerto 8080
2024-09-25 15:29:43 [info]: Conectado a MongoDB Atlas
2024-09-25 15:29:54 [info]: Configuración del logger: Entorno -> production, Nivel de log -> info
2024-09-25 15:29:54 [info]: Servidor escuchando en el puerto 8080
2024-09-25 15:29:55 [info]: Conectado a MongoDB Atlas
2024-09-25 15:30:06 [info]: Configuración del logger: Entorno -> production, Nivel de log -> info
2024-09-25 15:30:06 [info]: Servidor escuchando en el puerto 8080
2024-09-25 15:30:07 [info]: Conectado a MongoDB Atlas
2024-09-25 15:30:16 [error]: 400 - AuthenticationError: Credenciales inválidas. Intenta nuevamente.
2024-09-25 15:30:16 [error]: Error controlado: Credenciales inválidas. Intenta nuevamente.
2024-09-25 15:30:43 [info]: Configuración del logger: Entorno -> production, Nivel de log -> info
2024-09-25 15:30:44 [info]: Servidor escuchando en el puerto 8080
2024-09-25 15:30:45 [info]: Conectado a MongoDB Atlas
2024-09-25 15:32:02 [info]: Configuración del logger: Entorno -> production, Nivel de log -> info
2024-09-25 15:32:02 [info]: Servidor escuchando en el puerto 8080
2024-09-25 15:32:03 [info]: Conectado a MongoDB Atlas
2024-09-25 15:32:19 [error]: 400 - AuthenticationError: Credenciales inválidas. Intenta nuevamente.
2024-09-25 15:32:19 [error]: Error controlado: Credenciales inválidas. Intenta nuevamente.
