{"level":"error","message":"400 - ValidationError: El correo electrónico ya está registrado.","service":"user-service","timestamp":"2024-09-24 21:15:42"}
{"level":"error","message":"Error controlado: El correo electrónico ya está registrado.","service":"user-service","stack":"ValidationError: El correo electrónico ya está registrado.\n    at exports.registerUser (C:\\Users\\leand\\Desktop\\Backend p\\Desafio-Backend-Rodriguez-Leandro\\src\\controllers\\user.controller.js:28:19)\n    at process.processTicksAndRejections (node:internal/process/task_queues:95:5)","status":400,"timestamp":"2024-09-25T00:15:42.063Z","type":"ValidationError"}
{"level":"error","message":"Error no controlado: SyntaxError: Expected double-quoted property name in JSON at position 107\n    at JSON.parse (<anonymous>)\n    at parse (C:\\Users\\leand\\Desktop\\Backend p\\Desafio-Backend-Rodriguez-Leandro\\node_modules\\body-parser\\lib\\types\\json.js:92:19)\n    at C:\\Users\\leand\\Desktop\\Backend p\\Desafio-Backend-Rodriguez-Leandro\\node_modules\\body-parser\\lib\\read.js:128:18\n    at AsyncResource.runInAsyncScope (node:async_hooks:206:9)\n    at invokeCallback (C:\\Users\\leand\\Desktop\\Backend p\\Desafio-Backend-Rodriguez-Leandro\\node_modules\\raw-body\\index.js:238:16)\n    at done (C:\\Users\\leand\\Desktop\\Backend p\\Desafio-Backend-Rodriguez-Leandro\\node_modules\\raw-body\\index.js:227:7)\n    at IncomingMessage.onEnd (C:\\Users\\leand\\Desktop\\Backend p\\Desafio-Backend-Rodriguez-Leandro\\node_modules\\raw-body\\index.js:287:7)\n    at IncomingMessage.emit (node:events:514:28)\n    at endReadableNT (node:internal/streams/readable:1408:12)\n    at process.processTicksAndRejections (node:internal/process/task_queues:82:21) {\n  [stack]: 'SyntaxError: Expected double-quoted property name in JSON at position 107\\n' +\n    '    at JSON.parse (<anonymous>)\\n' +\n    '    at parse (C:\\\\Users\\\\leand\\\\Desktop\\\\Backend p\\\\Desafio-Backend-Rodriguez-Leandro\\\\node_modules\\\\body-parser\\\\lib\\\\types\\\\json.js:92:19)\\n' +\n    '    at C:\\\\Users\\\\leand\\\\Desktop\\\\Backend p\\\\Desafio-Backend-Rodriguez-Leandro\\\\node_modules\\\\body-parser\\\\lib\\\\read.js:128:18\\n' +\n    '    at AsyncResource.runInAsyncScope (node:async_hooks:206:9)\\n' +\n    '    at invokeCallback (C:\\\\Users\\\\leand\\\\Desktop\\\\Backend p\\\\Desafio-Backend-Rodriguez-Leandro\\\\node_modules\\\\raw-body\\\\index.js:238:16)\\n' +\n    '    at done (C:\\\\Users\\\\leand\\\\Desktop\\\\Backend p\\\\Desafio-Backend-Rodriguez-Leandro\\\\node_modules\\\\raw-body\\\\index.js:227:7)\\n' +\n    '    at IncomingMessage.onEnd (C:\\\\Users\\\\leand\\\\Desktop\\\\Backend p\\\\Desafio-Backend-Rodriguez-Leandro\\\\node_modules\\\\raw-body\\\\index.js:287:7)\\n' +\n    '    at IncomingMessage.emit (node:events:514:28)\\n' +\n    '    at endReadableNT (node:internal/streams/readable:1408:12)\\n' +\n    '    at process.processTicksAndRejections (node:internal/process/task_queues:82:21)',\n  [message]: 'Expected double-quoted property name in JSON at position 107',\n  expose: true,\n  statusCode: 400,\n  status: 400,\n  body: '{\\r\\n' +\n    '  \"first_name\": \"Juan\",\\r\\n' +\n    '  \"last_name\": \"rodriguez\",\\r\\n' +\n    '  \"email\": \"juann1@gmail.com\",\\r\\n' +\n    '  \"age\": 30,\\r\\n' +\n    '  \\r\\n' +\n    '}',\n  type: 'entity.parse.failed'\n}","service":"user-service","stack":"SyntaxError: Expected double-quoted property name in JSON at position 107\n    at JSON.parse (<anonymous>)\n    at parse (C:\\Users\\leand\\Desktop\\Backend p\\Desafio-Backend-Rodriguez-Leandro\\node_modules\\body-parser\\lib\\types\\json.js:92:19)\n    at C:\\Users\\leand\\Desktop\\Backend p\\Desafio-Backend-Rodriguez-Leandro\\node_modules\\body-parser\\lib\\read.js:128:18\n    at AsyncResource.runInAsyncScope (node:async_hooks:206:9)\n    at invokeCallback (C:\\Users\\leand\\Desktop\\Backend p\\Desafio-Backend-Rodriguez-Leandro\\node_modules\\raw-body\\index.js:238:16)\n    at done (C:\\Users\\leand\\Desktop\\Backend p\\Desafio-Backend-Rodriguez-Leandro\\node_modules\\raw-body\\index.js:227:7)\n    at IncomingMessage.onEnd (C:\\Users\\leand\\Desktop\\Backend p\\Desafio-Backend-Rodriguez-Leandro\\node_modules\\raw-body\\index.js:287:7)\n    at IncomingMessage.emit (node:events:514:28)\n    at endReadableNT (node:internal/streams/readable:1408:12)\n    at process.processTicksAndRejections (node:internal/process/task_queues:82:21)","timestamp":"2024-09-25T00:16:01.224Z"}
{"level":"error","message":"400 - AuthenticationError: Credenciales inválidas. Intenta nuevamente.","service":"user-service","timestamp":"2024-09-24 21:16:23"}
{"level":"error","message":"Error controlado: Credenciales inválidas. Intenta nuevamente.","service":"user-service","stack":"AuthenticationError: Credenciales inválidas. Intenta nuevamente.\n    at Strategy._verify (C:\\Users\\leand\\Desktop\\Backend p\\Desafio-Backend-Rodriguez-Leandro\\src\\config\\passport.config.js:25:15)","status":400,"timestamp":"2024-09-25T00:16:23.985Z","type":"AuthenticationError"}
{"level":"error","message":"400 - AuthenticationError: Token inválido o no proporcionado.","service":"user-service","timestamp":"2024-09-24 21:17:02"}
{"level":"error","message":"Error controlado: Token inválido o no proporcionado.","service":"user-service","stack":"AuthenticationError: Token inválido o no proporcionado.\n    at verifyJWT (C:\\Users\\leand\\Desktop\\Backend p\\Desafio-Backend-Rodriguez-Leandro\\src\\middlewares\\verifyJWT.js:9:11)\n    at Layer.handle [as handle_request] (C:\\Users\\leand\\Desktop\\Backend p\\Desafio-Backend-Rodriguez-Leandro\\node_modules\\express\\lib\\router\\layer.js:95:5)\n    at trim_prefix (C:\\Users\\leand\\Desktop\\Backend p\\Desafio-Backend-Rodriguez-Leandro\\node_modules\\express\\lib\\router\\index.js:328:13)\n    at C:\\Users\\leand\\Desktop\\Backend p\\Desafio-Backend-Rodriguez-Leandro\\node_modules\\express\\lib\\router\\index.js:286:9\n    at Function.process_params (C:\\Users\\leand\\Desktop\\Backend p\\Desafio-Backend-Rodriguez-Leandro\\node_modules\\express\\lib\\router\\index.js:346:12)\n    at next (C:\\Users\\leand\\Desktop\\Backend p\\Desafio-Backend-Rodriguez-Leandro\\node_modules\\express\\lib\\router\\index.js:280:10)\n    at SendStream.error (C:\\Users\\leand\\Desktop\\Backend p\\Desafio-Backend-Rodriguez-Leandro\\node_modules\\serve-static\\index.js:121:7)\n    at SendStream.emit (node:events:514:28)\n    at SendStream.error (C:\\Users\\leand\\Desktop\\Backend p\\Desafio-Backend-Rodriguez-Leandro\\node_modules\\send\\index.js:270:17)\n    at SendStream.onStatError (C:\\Users\\leand\\Desktop\\Backend p\\Desafio-Backend-Rodriguez-Leandro\\node_modules\\send\\index.js:417:12)","status":400,"timestamp":"2024-09-25T00:17:02.732Z","type":"AuthenticationError"}
{"level":"info","message":"Productos obtenidos correctamente","service":"user-service","timestamp":"2024-09-24 21:17:09"}
{"level":"info","message":"Producto obtenido correctamente con ID 6664b536fb00ca6a406e2438","service":"user-service","timestamp":"2024-09-24 21:17:11"}
{"level":"info","message":"Servidor escuchando en el puerto 8080","service":"user-service","timestamp":"2024-09-24 21:18:55"}
{"level":"info","message":"Conectado a MongoDB Atlas","service":"user-service","timestamp":"2024-09-24 21:18:55"}
{"level":"info","message":"Servidor escuchando en el puerto 8080","service":"user-service","timestamp":"2024-09-24 21:19:44"}
{"level":"info","message":"Conectado a MongoDB Atlas","service":"user-service","timestamp":"2024-09-24 21:19:45"}
{"level":"info","message":"Producto obtenido correctamente con ID 6664b536fb00ca6a406e2438","service":"user-service","timestamp":"2024-09-24 21:19:45"}
{"level":"info","message":"Producto obtenido correctamente con ID 6664b536fb00ca6a406e2438","service":"user-service","timestamp":"2024-09-24 21:20:08"}
{"level":"debug","message":"Este es un mensaje de DEBUG","service":"user-service","timestamp":"2024-09-24 21:20:16"}
{"level":"http","message":"Este es un mensaje de HTTP","service":"user-service","timestamp":"2024-09-24 21:20:16"}
{"level":"info","message":"Este es un mensaje de INFO","service":"user-service","timestamp":"2024-09-24 21:20:16"}
{"level":"warn","message":"Este es un mensaje de WARN","service":"user-service","timestamp":"2024-09-24 21:20:16"}
{"level":"error","message":"Este es un mensaje de ERROR","service":"user-service","timestamp":"2024-09-24 21:20:16"}
{"level":"error","message":"400 - AuthenticationError: Credenciales inválidas. Intenta nuevamente.","service":"user-service","timestamp":"2024-09-24 21:20:32"}
{"level":"error","message":"Error controlado: Credenciales inválidas. Intenta nuevamente.","service":"user-service","stack":"AuthenticationError: Credenciales inválidas. Intenta nuevamente.\n    at Strategy._verify (C:\\Users\\leand\\Desktop\\Backend p\\Desafio-Backend-Rodriguez-Leandro\\src\\config\\passport.config.js:25:15)","status":400,"timestamp":"2024-09-25T00:20:32.371Z","type":"AuthenticationError"}
{"level":"error","message":"400 - AuthenticationError: Credenciales inválidas. Intenta nuevamente.","service":"user-service","timestamp":"2024-09-24 21:20:57"}
{"level":"error","message":"Error controlado: Credenciales inválidas. Intenta nuevamente.","service":"user-service","stack":"AuthenticationError: Credenciales inválidas. Intenta nuevamente.\n    at Strategy._verify (C:\\Users\\leand\\Desktop\\Backend p\\Desafio-Backend-Rodriguez-Leandro\\src\\config\\passport.config.js:25:15)","status":400,"timestamp":"2024-09-25T00:20:57.551Z","type":"AuthenticationError"}
{"level":"info","message":"Productos obtenidos correctamente","service":"user-service","timestamp":"2024-09-24 21:21:04"}
{"level":"info","message":"Producto obtenido correctamente con ID 6664b536fb00ca6a406e2438","service":"user-service","timestamp":"2024-09-24 21:21:08"}
{"level":"debug","message":"Este es un mensaje de DEBUG","service":"user-service","timestamp":"2024-09-24 21:21:15"}
{"level":"http","message":"Este es un mensaje de HTTP","service":"user-service","timestamp":"2024-09-24 21:21:15"}
{"level":"info","message":"Este es un mensaje de INFO","service":"user-service","timestamp":"2024-09-24 21:21:15"}
{"level":"warn","message":"Este es un mensaje de WARN","service":"user-service","timestamp":"2024-09-24 21:21:15"}
{"level":"error","message":"Este es un mensaje de ERROR","service":"user-service","timestamp":"2024-09-24 21:21:15"}
{"level":"debug","message":"Este es un mensaje de DEBUG","service":"user-service","timestamp":"2024-09-24 21:21:31"}
{"level":"http","message":"Este es un mensaje de HTTP","service":"user-service","timestamp":"2024-09-24 21:21:31"}
{"level":"info","message":"Este es un mensaje de INFO","service":"user-service","timestamp":"2024-09-24 21:21:31"}
{"level":"warn","message":"Este es un mensaje de WARN","service":"user-service","timestamp":"2024-09-24 21:21:31"}
{"level":"error","message":"Este es un mensaje de ERROR","service":"user-service","timestamp":"2024-09-24 21:21:31"}
{"level":"error","message":"Error no controlado: SyntaxError: Expected double-quoted property name in JSON at position 107\n    at JSON.parse (<anonymous>)\n    at parse (C:\\Users\\leand\\Desktop\\Backend p\\Desafio-Backend-Rodriguez-Leandro\\node_modules\\body-parser\\lib\\types\\json.js:92:19)\n    at C:\\Users\\leand\\Desktop\\Backend p\\Desafio-Backend-Rodriguez-Leandro\\node_modules\\body-parser\\lib\\read.js:128:18\n    at AsyncResource.runInAsyncScope (node:async_hooks:206:9)\n    at invokeCallback (C:\\Users\\leand\\Desktop\\Backend p\\Desafio-Backend-Rodriguez-Leandro\\node_modules\\raw-body\\index.js:238:16)\n    at done (C:\\Users\\leand\\Desktop\\Backend p\\Desafio-Backend-Rodriguez-Leandro\\node_modules\\raw-body\\index.js:227:7)\n    at IncomingMessage.onEnd (C:\\Users\\leand\\Desktop\\Backend p\\Desafio-Backend-Rodriguez-Leandro\\node_modules\\raw-body\\index.js:287:7)\n    at IncomingMessage.emit (node:events:514:28)\n    at endReadableNT (node:internal/streams/readable:1408:12)\n    at process.processTicksAndRejections (node:internal/process/task_queues:82:21) {\n  [stack]: 'SyntaxError: Expected double-quoted property name in JSON at position 107\\n' +\n    '    at JSON.parse (<anonymous>)\\n' +\n    '    at parse (C:\\\\Users\\\\leand\\\\Desktop\\\\Backend p\\\\Desafio-Backend-Rodriguez-Leandro\\\\node_modules\\\\body-parser\\\\lib\\\\types\\\\json.js:92:19)\\n' +\n    '    at C:\\\\Users\\\\leand\\\\Desktop\\\\Backend p\\\\Desafio-Backend-Rodriguez-Leandro\\\\node_modules\\\\body-parser\\\\lib\\\\read.js:128:18\\n' +\n    '    at AsyncResource.runInAsyncScope (node:async_hooks:206:9)\\n' +\n    '    at invokeCallback (C:\\\\Users\\\\leand\\\\Desktop\\\\Backend p\\\\Desafio-Backend-Rodriguez-Leandro\\\\node_modules\\\\raw-body\\\\index.js:238:16)\\n' +\n    '    at done (C:\\\\Users\\\\leand\\\\Desktop\\\\Backend p\\\\Desafio-Backend-Rodriguez-Leandro\\\\node_modules\\\\raw-body\\\\index.js:227:7)\\n' +\n    '    at IncomingMessage.onEnd (C:\\\\Users\\\\leand\\\\Desktop\\\\Backend p\\\\Desafio-Backend-Rodriguez-Leandro\\\\node_modules\\\\raw-body\\\\index.js:287:7)\\n' +\n    '    at IncomingMessage.emit (node:events:514:28)\\n' +\n    '    at endReadableNT (node:internal/streams/readable:1408:12)\\n' +\n    '    at process.processTicksAndRejections (node:internal/process/task_queues:82:21)',\n  [message]: 'Expected double-quoted property name in JSON at position 107',\n  expose: true,\n  statusCode: 400,\n  status: 400,\n  body: '{\\r\\n' +\n    '  \"first_name\": \"Juan\",\\r\\n' +\n    '  \"last_name\": \"rodriguez\",\\r\\n' +\n    '  \"email\": \"juann1@gmail.com\",\\r\\n' +\n    '  \"age\": 30,\\r\\n' +\n    '  \\r\\n' +\n    '}',\n  type: 'entity.parse.failed'\n}","service":"user-service","stack":"SyntaxError: Expected double-quoted property name in JSON at position 107\n    at JSON.parse (<anonymous>)\n    at parse (C:\\Users\\leand\\Desktop\\Backend p\\Desafio-Backend-Rodriguez-Leandro\\node_modules\\body-parser\\lib\\types\\json.js:92:19)\n    at C:\\Users\\leand\\Desktop\\Backend p\\Desafio-Backend-Rodriguez-Leandro\\node_modules\\body-parser\\lib\\read.js:128:18\n    at AsyncResource.runInAsyncScope (node:async_hooks:206:9)\n    at invokeCallback (C:\\Users\\leand\\Desktop\\Backend p\\Desafio-Backend-Rodriguez-Leandro\\node_modules\\raw-body\\index.js:238:16)\n    at done (C:\\Users\\leand\\Desktop\\Backend p\\Desafio-Backend-Rodriguez-Leandro\\node_modules\\raw-body\\index.js:227:7)\n    at IncomingMessage.onEnd (C:\\Users\\leand\\Desktop\\Backend p\\Desafio-Backend-Rodriguez-Leandro\\node_modules\\raw-body\\index.js:287:7)\n    at IncomingMessage.emit (node:events:514:28)\n    at endReadableNT (node:internal/streams/readable:1408:12)\n    at process.processTicksAndRejections (node:internal/process/task_queues:82:21)","timestamp":"2024-09-25T00:21:57.269Z"}
{"level":"info","message":"Servidor escuchando en el puerto 8080","service":"user-service","timestamp":"2024-09-24 21:22:21"}
{"level":"info","message":"Conectado a MongoDB Atlas","service":"user-service","timestamp":"2024-09-24 21:22:22"}
{"level":"error","message":"Error no controlado: SyntaxError: Expected double-quoted property name in JSON at position 107\n    at JSON.parse (<anonymous>)\n    at parse (C:\\Users\\leand\\Desktop\\Backend p\\Desafio-Backend-Rodriguez-Leandro\\node_modules\\body-parser\\lib\\types\\json.js:92:19)\n    at C:\\Users\\leand\\Desktop\\Backend p\\Desafio-Backend-Rodriguez-Leandro\\node_modules\\body-parser\\lib\\read.js:128:18\n    at AsyncResource.runInAsyncScope (node:async_hooks:206:9)\n    at invokeCallback (C:\\Users\\leand\\Desktop\\Backend p\\Desafio-Backend-Rodriguez-Leandro\\node_modules\\raw-body\\index.js:238:16)\n    at done (C:\\Users\\leand\\Desktop\\Backend p\\Desafio-Backend-Rodriguez-Leandro\\node_modules\\raw-body\\index.js:227:7)\n    at IncomingMessage.onEnd (C:\\Users\\leand\\Desktop\\Backend p\\Desafio-Backend-Rodriguez-Leandro\\node_modules\\raw-body\\index.js:287:7)\n    at IncomingMessage.emit (node:events:514:28)\n    at endReadableNT (node:internal/streams/readable:1408:12)\n    at process.processTicksAndRejections (node:internal/process/task_queues:82:21) {\n  [stack]: 'SyntaxError: Expected double-quoted property name in JSON at position 107\\n' +\n    '    at JSON.parse (<anonymous>)\\n' +\n    '    at parse (C:\\\\Users\\\\leand\\\\Desktop\\\\Backend p\\\\Desafio-Backend-Rodriguez-Leandro\\\\node_modules\\\\body-parser\\\\lib\\\\types\\\\json.js:92:19)\\n' +\n    '    at C:\\\\Users\\\\leand\\\\Desktop\\\\Backend p\\\\Desafio-Backend-Rodriguez-Leandro\\\\node_modules\\\\body-parser\\\\lib\\\\read.js:128:18\\n' +\n    '    at AsyncResource.runInAsyncScope (node:async_hooks:206:9)\\n' +\n    '    at invokeCallback (C:\\\\Users\\\\leand\\\\Desktop\\\\Backend p\\\\Desafio-Backend-Rodriguez-Leandro\\\\node_modules\\\\raw-body\\\\index.js:238:16)\\n' +\n    '    at done (C:\\\\Users\\\\leand\\\\Desktop\\\\Backend p\\\\Desafio-Backend-Rodriguez-Leandro\\\\node_modules\\\\raw-body\\\\index.js:227:7)\\n' +\n    '    at IncomingMessage.onEnd (C:\\\\Users\\\\leand\\\\Desktop\\\\Backend p\\\\Desafio-Backend-Rodriguez-Leandro\\\\node_modules\\\\raw-body\\\\index.js:287:7)\\n' +\n    '    at IncomingMessage.emit (node:events:514:28)\\n' +\n    '    at endReadableNT (node:internal/streams/readable:1408:12)\\n' +\n    '    at process.processTicksAndRejections (node:internal/process/task_queues:82:21)',\n  [message]: 'Expected double-quoted property name in JSON at position 107',\n  expose: true,\n  statusCode: 400,\n  status: 400,\n  body: '{\\r\\n' +\n    '  \"first_name\": \"Juan\",\\r\\n' +\n    '  \"last_name\": \"rodriguez\",\\r\\n' +\n    '  \"email\": \"juann1@gmail.com\",\\r\\n' +\n    '  \"age\": 30,\\r\\n' +\n    '  \\r\\n' +\n    '}',\n  type: 'entity.parse.failed'\n}","service":"user-service","stack":"SyntaxError: Expected double-quoted property name in JSON at position 107\n    at JSON.parse (<anonymous>)\n    at parse (C:\\Users\\leand\\Desktop\\Backend p\\Desafio-Backend-Rodriguez-Leandro\\node_modules\\body-parser\\lib\\types\\json.js:92:19)\n    at C:\\Users\\leand\\Desktop\\Backend p\\Desafio-Backend-Rodriguez-Leandro\\node_modules\\body-parser\\lib\\read.js:128:18\n    at AsyncResource.runInAsyncScope (node:async_hooks:206:9)\n    at invokeCallback (C:\\Users\\leand\\Desktop\\Backend p\\Desafio-Backend-Rodriguez-Leandro\\node_modules\\raw-body\\index.js:238:16)\n    at done (C:\\Users\\leand\\Desktop\\Backend p\\Desafio-Backend-Rodriguez-Leandro\\node_modules\\raw-body\\index.js:227:7)\n    at IncomingMessage.onEnd (C:\\Users\\leand\\Desktop\\Backend p\\Desafio-Backend-Rodriguez-Leandro\\node_modules\\raw-body\\index.js:287:7)\n    at IncomingMessage.emit (node:events:514:28)\n    at endReadableNT (node:internal/streams/readable:1408:12)\n    at process.processTicksAndRejections (node:internal/process/task_queues:82:21)","timestamp":"2024-09-25T00:22:23.403Z"}
{"level":"error","message":"400 - ValidationError: El correo electrónico ya está registrado.","service":"user-service","timestamp":"2024-09-24 21:22:27"}
{"level":"error","message":"Error controlado: El correo electrónico ya está registrado.","service":"user-service","stack":"ValidationError: El correo electrónico ya está registrado.\n    at exports.registerUser (C:\\Users\\leand\\Desktop\\Backend p\\Desafio-Backend-Rodriguez-Leandro\\src\\controllers\\user.controller.js:28:19)\n    at process.processTicksAndRejections (node:internal/process/task_queues:95:5)","status":400,"timestamp":"2024-09-25T00:22:27.195Z","type":"ValidationError"}
{"level":"info","message":"Servidor escuchando en el puerto 8080","service":"user-service","timestamp":"2024-09-24 21:23:36"}
{"level":"info","message":"Conectado a MongoDB Atlas","service":"user-service","timestamp":"2024-09-24 21:23:37"}
{"level":"error","message":"400 - ValidationError: El correo electrónico ya está registrado.","service":"user-service","timestamp":"2024-09-24 21:23:58"}
{"level":"error","message":"Error controlado: El correo electrónico ya está registrado.","service":"user-service","stack":"ValidationError: El correo electrónico ya está registrado.\n    at exports.registerUser (C:\\Users\\leand\\Desktop\\Backend p\\Desafio-Backend-Rodriguez-Leandro\\src\\controllers\\user.controller.js:28:19)\n    at process.processTicksAndRejections (node:internal/process/task_queues:95:5)","status":400,"timestamp":"2024-09-25T00:23:58.573Z","type":"ValidationError"}
{"level":"debug","message":"Prueba directa: Este es un mensaje de DEBUG","service":"user-service","timestamp":"2024-09-24 21:24:01"}
{"level":"http","message":"Prueba directa: Este es un mensaje de HTTP","service":"user-service","timestamp":"2024-09-24 21:24:01"}
{"level":"info","message":"Prueba directa: Este es un mensaje de INFO","service":"user-service","timestamp":"2024-09-24 21:24:01"}
{"level":"warn","message":"Prueba directa: Este es un mensaje de WARN","service":"user-service","timestamp":"2024-09-24 21:24:01"}
{"level":"error","message":"Este es un mensaje de ERROR","service":"user-service","timestamp":"2024-09-24 21:24:01"}
{"level":"info","message":"Servidor escuchando en el puerto 8080","service":"user-service","timestamp":"2024-09-24 21:24:41"}
{"level":"info","message":"Conectado a MongoDB Atlas","service":"user-service","timestamp":"2024-09-24 21:24:41"}
{"level":"debug","message":"Prueba directa: Este es un mensaje de DEBUG","service":"user-service","timestamp":"2024-09-24 21:24:42"}
{"level":"http","message":"Prueba directa: Este es un mensaje de HTTP","service":"user-service","timestamp":"2024-09-24 21:24:42"}
{"level":"info","message":"Prueba directa: Este es un mensaje de INFO","service":"user-service","timestamp":"2024-09-24 21:24:42"}
{"level":"warn","message":"Prueba directa: Este es un mensaje de WARN","service":"user-service","timestamp":"2024-09-24 21:24:42"}
{"level":"error","message":"Este es un mensaje de ERROR","service":"user-service","timestamp":"2024-09-24 21:24:42"}
{"level":"info","message":"Servidor escuchando en el puerto 8080","service":"user-service","timestamp":"2024-09-24 21:25:00"}
{"level":"info","message":"Conectado a MongoDB Atlas","service":"user-service","timestamp":"2024-09-24 21:25:01"}
{"level":"info","message":"Servidor escuchando en el puerto 8080","service":"user-service","timestamp":"2024-09-24 21:25:12"}
{"level":"info","message":"Conectado a MongoDB Atlas","service":"user-service","timestamp":"2024-09-24 21:25:13"}
{"level":"info","message":"Servidor escuchando en el puerto 8080","service":"user-service","timestamp":"2024-09-24 21:25:59"}
{"level":"info","message":"Conectado a MongoDB Atlas","service":"user-service","timestamp":"2024-09-24 21:26:00"}
{"level":"debug","message":"Este es un mensaje de DEBUG","service":"user-service","timestamp":"2024-09-24 21:26:01"}
{"level":"http","message":"Este es un mensaje de HTTP","service":"user-service","timestamp":"2024-09-24 21:26:01"}
{"level":"info","message":"Este es un mensaje de INFO","service":"user-service","timestamp":"2024-09-24 21:26:01"}
{"level":"warn","message":"Este es un mensaje de WARN","service":"user-service","timestamp":"2024-09-24 21:26:01"}
{"level":"error","message":"Este es un mensaje de ERROR","service":"user-service","timestamp":"2024-09-24 21:26:01"}
{"level":"error","message":"400 - ValidationError: El correo electrónico ya está registrado.","service":"user-service","timestamp":"2024-09-24 21:26:03"}
{"level":"error","message":"Error controlado: El correo electrónico ya está registrado.","service":"user-service","stack":"ValidationError: El correo electrónico ya está registrado.\n    at exports.registerUser (C:\\Users\\leand\\Desktop\\Backend p\\Desafio-Backend-Rodriguez-Leandro\\src\\controllers\\user.controller.js:28:19)\n    at process.processTicksAndRejections (node:internal/process/task_queues:95:5)","status":400,"timestamp":"2024-09-25T00:26:03.645Z","type":"ValidationError"}
{"level":"error","message":"400 - AuthenticationError: Token inválido o no proporcionado.","service":"user-service","timestamp":"2024-09-24 21:29:52"}
{"level":"error","message":"Error controlado: Token inválido o no proporcionado.","service":"user-service","stack":"AuthenticationError: Token inválido o no proporcionado.\n    at verifyJWT (C:\\Users\\leand\\Desktop\\Backend p\\Desafio-Backend-Rodriguez-Leandro\\src\\middlewares\\verifyJWT.js:9:11)\n    at Layer.handle [as handle_request] (C:\\Users\\leand\\Desktop\\Backend p\\Desafio-Backend-Rodriguez-Leandro\\node_modules\\express\\lib\\router\\layer.js:95:5)\n    at trim_prefix (C:\\Users\\leand\\Desktop\\Backend p\\Desafio-Backend-Rodriguez-Leandro\\node_modules\\express\\lib\\router\\index.js:328:13)\n    at C:\\Users\\leand\\Desktop\\Backend p\\Desafio-Backend-Rodriguez-Leandro\\node_modules\\express\\lib\\router\\index.js:286:9\n    at Function.process_params (C:\\Users\\leand\\Desktop\\Backend p\\Desafio-Backend-Rodriguez-Leandro\\node_modules\\express\\lib\\router\\index.js:346:12)\n    at next (C:\\Users\\leand\\Desktop\\Backend p\\Desafio-Backend-Rodriguez-Leandro\\node_modules\\express\\lib\\router\\index.js:280:10)\n    at SendStream.error (C:\\Users\\leand\\Desktop\\Backend p\\Desafio-Backend-Rodriguez-Leandro\\node_modules\\serve-static\\index.js:121:7)\n    at SendStream.emit (node:events:514:28)\n    at SendStream.error (C:\\Users\\leand\\Desktop\\Backend p\\Desafio-Backend-Rodriguez-Leandro\\node_modules\\send\\index.js:270:17)\n    at SendStream.onStatError (C:\\Users\\leand\\Desktop\\Backend p\\Desafio-Backend-Rodriguez-Leandro\\node_modules\\send\\index.js:417:12)","status":400,"timestamp":"2024-09-25T00:29:52.427Z","type":"AuthenticationError"}
{"level":"info","message":"Productos obtenidos correctamente","service":"user-service","timestamp":"2024-09-24 21:29:58"}
{"level":"error","message":"Error no controlado: TypeError: Cannot destructure property 'message' of 'undefined' as it is undefined.\n    at new CustomError (C:\\Users\\leand\\Desktop\\Backend p\\Desafio-Backend-Rodriguez-Leandro\\src\\middlewares\\customError.js:4:17)\n    at validateObjectId (C:\\Users\\leand\\Desktop\\Backend p\\Desafio-Backend-Rodriguez-Leandro\\src\\middlewares\\validateObjectId.js:10:11)\n    at Layer.handle [as handle_request] (C:\\Users\\leand\\Desktop\\Backend p\\Desafio-Backend-Rodriguez-Leandro\\node_modules\\express\\lib\\router\\layer.js:95:5)\n    at next (C:\\Users\\leand\\Desktop\\Backend p\\Desafio-Backend-Rodriguez-Leandro\\node_modules\\express\\lib\\router\\route.js:149:13)\n    at C:\\Users\\leand\\Desktop\\Backend p\\Desafio-Backend-Rodriguez-Leandro\\src\\middlewares\\verifyJWT.js:22:5\n    at C:\\Users\\leand\\Desktop\\Backend p\\Desafio-Backend-Rodriguez-Leandro\\node_modules\\jsonwebtoken\\verify.js:261:12\n    at getSecret (C:\\Users\\leand\\Desktop\\Backend p\\Desafio-Backend-Rodriguez-Leandro\\node_modules\\jsonwebtoken\\verify.js:97:14)\n    at module.exports [as verify] (C:\\Users\\leand\\Desktop\\Backend p\\Desafio-Backend-Rodriguez-Leandro\\node_modules\\jsonwebtoken\\verify.js:101:10)\n    at verifyJWT (C:\\Users\\leand\\Desktop\\Backend p\\Desafio-Backend-Rodriguez-Leandro\\src\\middlewares\\verifyJWT.js:12:7)\n    at Layer.handle [as handle_request] (C:\\Users\\leand\\Desktop\\Backend p\\Desafio-Backend-Rodriguez-Leandro\\node_modules\\express\\lib\\router\\layer.js:95:5) {\n  [stack]: \"TypeError: Cannot destructure property 'message' of 'undefined' as it is undefined.\\n\" +\n    '    at new CustomError (C:\\\\Users\\\\leand\\\\Desktop\\\\Backend p\\\\Desafio-Backend-Rodriguez-Leandro\\\\src\\\\middlewares\\\\customError.js:4:17)\\n' +\n    '    at validateObjectId (C:\\\\Users\\\\leand\\\\Desktop\\\\Backend p\\\\Desafio-Backend-Rodriguez-Leandro\\\\src\\\\middlewares\\\\validateObjectId.js:10:11)\\n' +\n    '    at Layer.handle [as handle_request] (C:\\\\Users\\\\leand\\\\Desktop\\\\Backend p\\\\Desafio-Backend-Rodriguez-Leandro\\\\node_modules\\\\express\\\\lib\\\\router\\\\layer.js:95:5)\\n' +\n    '    at next (C:\\\\Users\\\\leand\\\\Desktop\\\\Backend p\\\\Desafio-Backend-Rodriguez-Leandro\\\\node_modules\\\\express\\\\lib\\\\router\\\\route.js:149:13)\\n' +\n    '    at C:\\\\Users\\\\leand\\\\Desktop\\\\Backend p\\\\Desafio-Backend-Rodriguez-Leandro\\\\src\\\\middlewares\\\\verifyJWT.js:22:5\\n' +\n    '    at C:\\\\Users\\\\leand\\\\Desktop\\\\Backend p\\\\Desafio-Backend-Rodriguez-Leandro\\\\node_modules\\\\jsonwebtoken\\\\verify.js:261:12\\n' +\n    '    at getSecret (C:\\\\Users\\\\leand\\\\Desktop\\\\Backend p\\\\Desafio-Backend-Rodriguez-Leandro\\\\node_modules\\\\jsonwebtoken\\\\verify.js:97:14)\\n' +\n    '    at module.exports [as verify] (C:\\\\Users\\\\leand\\\\Desktop\\\\Backend p\\\\Desafio-Backend-Rodriguez-Leandro\\\\node_modules\\\\jsonwebtoken\\\\verify.js:101:10)\\n' +\n    '    at verifyJWT (C:\\\\Users\\\\leand\\\\Desktop\\\\Backend p\\\\Desafio-Backend-Rodriguez-Leandro\\\\src\\\\middlewares\\\\verifyJWT.js:12:7)\\n' +\n    '    at Layer.handle [as handle_request] (C:\\\\Users\\\\leand\\\\Desktop\\\\Backend p\\\\Desafio-Backend-Rodriguez-Leandro\\\\node_modules\\\\express\\\\lib\\\\router\\\\layer.js:95:5)',\n  [message]: \"Cannot destructure property 'message' of 'undefined' as it is undefined.\"\n}","service":"user-service","stack":"TypeError: Cannot destructure property 'message' of 'undefined' as it is undefined.\n    at new CustomError (C:\\Users\\leand\\Desktop\\Backend p\\Desafio-Backend-Rodriguez-Leandro\\src\\middlewares\\customError.js:4:17)\n    at validateObjectId (C:\\Users\\leand\\Desktop\\Backend p\\Desafio-Backend-Rodriguez-Leandro\\src\\middlewares\\validateObjectId.js:10:11)\n    at Layer.handle [as handle_request] (C:\\Users\\leand\\Desktop\\Backend p\\Desafio-Backend-Rodriguez-Leandro\\node_modules\\express\\lib\\router\\layer.js:95:5)\n    at next (C:\\Users\\leand\\Desktop\\Backend p\\Desafio-Backend-Rodriguez-Leandro\\node_modules\\express\\lib\\router\\route.js:149:13)\n    at C:\\Users\\leand\\Desktop\\Backend p\\Desafio-Backend-Rodriguez-Leandro\\src\\middlewares\\verifyJWT.js:22:5\n    at C:\\Users\\leand\\Desktop\\Backend p\\Desafio-Backend-Rodriguez-Leandro\\node_modules\\jsonwebtoken\\verify.js:261:12\n    at getSecret (C:\\Users\\leand\\Desktop\\Backend p\\Desafio-Backend-Rodriguez-Leandro\\node_modules\\jsonwebtoken\\verify.js:97:14)\n    at module.exports [as verify] (C:\\Users\\leand\\Desktop\\Backend p\\Desafio-Backend-Rodriguez-Leandro\\node_modules\\jsonwebtoken\\verify.js:101:10)\n    at verifyJWT (C:\\Users\\leand\\Desktop\\Backend p\\Desafio-Backend-Rodriguez-Leandro\\src\\middlewares\\verifyJWT.js:12:7)\n    at Layer.handle [as handle_request] (C:\\Users\\leand\\Desktop\\Backend p\\Desafio-Backend-Rodriguez-Leandro\\node_modules\\express\\lib\\router\\layer.js:95:5)","timestamp":"2024-09-25T00:30:03.142Z"}
{"level":"info","message":"Servidor escuchando en el puerto 8088","timestamp":"2024-09-25 02:11:58"}
{"level":"info","message":"Conectado a MongoDB Atlas","timestamp":"2024-09-25 02:11:59"}
{"level":"info","message":"Servidor escuchando en el puerto 8088","timestamp":"2024-09-25 02:19:18"}
{"level":"error","message":"Error al conectar a MongoDB: %o","timestamp":"2024-09-25 02:19:18"}
{"level":"info","message":"Servidor escuchando en el puerto 8088","timestamp":"2024-09-25 02:25:08"}
{"level":"info","message":"Conectado a MongoDB Atlas","timestamp":"2024-09-25 02:25:09"}
{"level":"info","message":"Servidor escuchando en el puerto 8088","timestamp":"2024-09-25 02:27:36"}
{"level":"info","message":"Conectado a MongoDB Atlas","timestamp":"2024-09-25 02:27:37"}
{"level":"info","message":"Servidor escuchando en el puerto 8088","timestamp":"2024-09-25 02:31:27"}
{"level":"info","message":"Conectado a MongoDB Atlas","timestamp":"2024-09-25 02:31:28"}
{"level":"info","message":"Servidor escuchando en el puerto 8088","timestamp":"2024-09-25 02:32:28"}
{"level":"info","message":"Conectado a MongoDB Atlas","timestamp":"2024-09-25 02:32:29"}
{"level":"info","message":"Servidor escuchando en el puerto 8088","timestamp":"2024-09-25 02:32:57"}
{"level":"info","message":"Conectado a MongoDB Atlas","timestamp":"2024-09-25 02:32:58"}
{"level":"info","message":"Servidor escuchando en el puerto 8080","timestamp":"2024-09-25 02:33:21"}
{"level":"info","message":"Conectado a MongoDB Atlas","timestamp":"2024-09-25 02:33:22"}
{"level":"error","message":"400 - ValidationError: El correo electrónico ya está registrado.","timestamp":"2024-09-25 02:33:26"}
{"level":"error","message":"Error controlado: El correo electrónico ya está registrado.","service":"user-service","stack":"ValidationError: El correo electrónico ya está registrado.\n    at exports.registerUser (C:\\Users\\leand\\Desktop\\Backend p\\Desafio-Backend-Rodriguez-Leandro\\src\\controllers\\user.controller.js:28:19)\n    at process.processTicksAndRejections (node:internal/process/task_queues:95:5)","status":400,"timestamp":"2024-09-25 02:33:26","type":"ValidationError"}
{"level":"error","message":"400 - AuthenticationError: Credenciales inválidas. Intenta nuevamente.","timestamp":"2024-09-25 02:33:33"}
{"level":"error","message":"Error controlado: Credenciales inválidas. Intenta nuevamente.","service":"user-service","stack":"AuthenticationError: Credenciales inválidas. Intenta nuevamente.\n    at Strategy._verify (C:\\Users\\leand\\Desktop\\Backend p\\Desafio-Backend-Rodriguez-Leandro\\src\\config\\passport.config.js:25:15)","status":400,"timestamp":"2024-09-25 02:33:33","type":"AuthenticationError"}
{"level":"error","message":"400 - AuthenticationError: Credenciales inválidas. Intenta nuevamente.","timestamp":"2024-09-25 02:33:47"}
{"level":"error","message":"Error controlado: Credenciales inválidas. Intenta nuevamente.","service":"user-service","stack":"AuthenticationError: Credenciales inválidas. Intenta nuevamente.\n    at Strategy._verify (C:\\Users\\leand\\Desktop\\Backend p\\Desafio-Backend-Rodriguez-Leandro\\src\\config\\passport.config.js:25:15)","status":400,"timestamp":"2024-09-25 02:33:47","type":"AuthenticationError"}
{"level":"error","message":"400 - AuthenticationError: Credenciales inválidas. Intenta nuevamente.","timestamp":"2024-09-25 02:33:59"}
{"level":"error","message":"Error controlado: Credenciales inválidas. Intenta nuevamente.","service":"user-service","stack":"AuthenticationError: Credenciales inválidas. Intenta nuevamente.\n    at Strategy._verify (C:\\Users\\leand\\Desktop\\Backend p\\Desafio-Backend-Rodriguez-Leandro\\src\\config\\passport.config.js:25:15)","status":400,"timestamp":"2024-09-25 02:33:59","type":"AuthenticationError"}
{"level":"error","message":"400 - AuthenticationError: Token inválido o no proporcionado.","timestamp":"2024-09-25 02:34:28"}
{"level":"error","message":"Error controlado: Token inválido o no proporcionado.","service":"user-service","stack":"AuthenticationError: Token inválido o no proporcionado.\n    at verifyJWT (C:\\Users\\leand\\Desktop\\Backend p\\Desafio-Backend-Rodriguez-Leandro\\src\\middlewares\\verifyJWT.js:9:11)\n    at Layer.handle [as handle_request] (C:\\Users\\leand\\Desktop\\Backend p\\Desafio-Backend-Rodriguez-Leandro\\node_modules\\express\\lib\\router\\layer.js:95:5)\n    at trim_prefix (C:\\Users\\leand\\Desktop\\Backend p\\Desafio-Backend-Rodriguez-Leandro\\node_modules\\express\\lib\\router\\index.js:328:13)\n    at C:\\Users\\leand\\Desktop\\Backend p\\Desafio-Backend-Rodriguez-Leandro\\node_modules\\express\\lib\\router\\index.js:286:9\n    at Function.process_params (C:\\Users\\leand\\Desktop\\Backend p\\Desafio-Backend-Rodriguez-Leandro\\node_modules\\express\\lib\\router\\index.js:346:12)\n    at next (C:\\Users\\leand\\Desktop\\Backend p\\Desafio-Backend-Rodriguez-Leandro\\node_modules\\express\\lib\\router\\index.js:280:10)\n    at SendStream.error (C:\\Users\\leand\\Desktop\\Backend p\\Desafio-Backend-Rodriguez-Leandro\\node_modules\\serve-static\\index.js:121:7)\n    at SendStream.emit (node:events:514:28)\n    at SendStream.error (C:\\Users\\leand\\Desktop\\Backend p\\Desafio-Backend-Rodriguez-Leandro\\node_modules\\send\\index.js:270:17)\n    at SendStream.onStatError (C:\\Users\\leand\\Desktop\\Backend p\\Desafio-Backend-Rodriguez-Leandro\\node_modules\\send\\index.js:417:12)","status":400,"timestamp":"2024-09-25 02:34:28","type":"AuthenticationError"}
{"level":"info","message":"Servidor escuchando en el puerto 8080","timestamp":"2024-09-25 02:37:40"}
{"level":"info","message":"Conectado a MongoDB Atlas","timestamp":"2024-09-25 02:37:41"}
{"level":"info","message":"Servidor escuchando en el puerto 8080","timestamp":"2024-09-25 12:22:01"}
{"level":"info","message":"Conectado a MongoDB Atlas","timestamp":"2024-09-25 12:22:02"}
{"level":"info","message":"Servidor escuchando en el puerto 8080","timestamp":"2024-09-25 12:25:07"}
{"level":"info","message":"Conectado a MongoDB Atlas","timestamp":"2024-09-25 12:25:08"}
{"level":"info","message":"Servidor escuchando en el puerto 8080","timestamp":"2024-09-25 12:26:54"}
{"level":"info","message":"Conectado a MongoDB Atlas","timestamp":"2024-09-25 12:26:55"}
{"level":"debug","message":"Este es un mensaje de DEBUG","timestamp":"2024-09-25 12:27:07"}
{"level":"http","message":"Este es un mensaje de HTTP","timestamp":"2024-09-25 12:27:07"}
{"level":"info","message":"Este es un mensaje de INFO","timestamp":"2024-09-25 12:27:07"}
{"level":"warn","message":"Este es un mensaje de WARN","timestamp":"2024-09-25 12:27:07"}
{"level":"error","message":"Este es un mensaje de ERROR","timestamp":"2024-09-25 12:27:07"}
{"level":"info","message":"Servidor escuchando en el puerto 8080","timestamp":"2024-09-25 12:32:57"}
{"level":"info","message":"Conectado a MongoDB Atlas","timestamp":"2024-09-25 12:32:58"}
{"level":"info","message":"Servidor escuchando en el puerto 8080","timestamp":"2024-09-25 12:33:31"}
{"level":"info","message":"Conectado a MongoDB Atlas","timestamp":"2024-09-25 12:33:32"}
{"level":"info","message":"Servidor escuchando en el puerto 8080","timestamp":"2024-09-25 12:33:48"}
{"level":"info","message":"Conectado a MongoDB Atlas","timestamp":"2024-09-25 12:33:48"}
{"level":"debug","message":"Este es un mensaje de DEBUG","timestamp":"2024-09-25 12:36:32"}
{"level":"http","message":"Este es un mensaje de HTTP","timestamp":"2024-09-25 12:36:32"}
{"level":"info","message":"Este es un mensaje de INFO","timestamp":"2024-09-25 12:36:32"}
{"level":"warn","message":"Este es un mensaje de WARN","timestamp":"2024-09-25 12:36:32"}
{"level":"error","message":"Este es un mensaje de ERROR","timestamp":"2024-09-25 12:36:32"}
{"level":"debug","message":"Este es un mensaje de DEBUG","timestamp":"2024-09-25 12:38:40"}
{"level":"http","message":"Este es un mensaje de HTTP","timestamp":"2024-09-25 12:38:40"}
{"level":"info","message":"Este es un mensaje de INFO","timestamp":"2024-09-25 12:38:40"}
{"level":"warn","message":"Este es un mensaje de WARN","timestamp":"2024-09-25 12:38:40"}
{"level":"error","message":"Este es un mensaje de ERROR","timestamp":"2024-09-25 12:38:40"}
{"level":"info","message":"Servidor escuchando en el puerto 8080","timestamp":"2024-09-25 12:40:11"}
{"level":"info","message":"Conectado a MongoDB Atlas","timestamp":"2024-09-25 12:40:12"}
{"level":"info","message":"Servidor escuchando en el puerto 8080","timestamp":"2024-09-25 12:48:54"}
{"level":"info","message":"Conectado a MongoDB Atlas","timestamp":"2024-09-25 12:48:55"}
{"level":"debug","message":"Este es un mensaje de DEBUG","timestamp":"2024-09-25 12:49:47"}
{"level":"http","message":"Este es un mensaje de HTTP","timestamp":"2024-09-25 12:49:47"}
{"level":"info","message":"Este es un mensaje de INFO","timestamp":"2024-09-25 12:49:47"}
{"level":"warn","message":"Este es un mensaje de WARN","timestamp":"2024-09-25 12:49:47"}
{"level":"error","message":"Este es un mensaje de ERROR","timestamp":"2024-09-25 12:49:47"}
{"level":"info","message":"Servidor escuchando en el puerto 8080","timestamp":"2024-09-25 12:50:41"}
{"level":"info","message":"Conectado a MongoDB Atlas","timestamp":"2024-09-25 12:50:42"}
{"level":"info","message":"Servidor escuchando en el puerto 8080","timestamp":"2024-09-25 12:50:58"}
{"level":"info","message":"Conectado a MongoDB Atlas","timestamp":"2024-09-25 12:50:58"}
{"level":"debug","message":"Este es un mensaje de DEBUG","timestamp":"2024-09-25 12:51:00"}
{"level":"http","message":"Este es un mensaje de HTTP","timestamp":"2024-09-25 12:51:00"}
{"level":"info","message":"Este es un mensaje de INFO","timestamp":"2024-09-25 12:51:00"}
{"level":"warn","message":"Este es un mensaje de WARN","timestamp":"2024-09-25 12:51:00"}
{"level":"error","message":"Este es un mensaje de ERROR","timestamp":"2024-09-25 12:51:00"}
{"level":"info","message":"Servidor escuchando en el puerto 8080","timestamp":"2024-09-25 12:51:58"}
{"level":"info","message":"Conectado a MongoDB Atlas","timestamp":"2024-09-25 12:51:59"}
{"level":"debug","message":"Este es un mensaje de DEBUG","timestamp":"2024-09-25 12:52:06"}
{"level":"http","message":"Este es un mensaje de HTTP","timestamp":"2024-09-25 12:52:06"}
{"level":"info","message":"Este es un mensaje de INFO","timestamp":"2024-09-25 12:52:06"}
{"level":"warn","message":"Este es un mensaje de WARN","timestamp":"2024-09-25 12:52:06"}
{"level":"error","message":"Este es un mensaje de ERROR","timestamp":"2024-09-25 12:52:06"}
{"level":"info","message":"Servidor escuchando en el puerto 8080"}
{"level":"info","message":"Conectado a MongoDB Atlas"}
{"level":"debug","message":"Este es un mensaje de DEBUG"}
{"level":"http","message":"Este es un mensaje de HTTP"}
{"level":"info","message":"Este es un mensaje de INFO"}
{"level":"warn","message":"Este es un mensaje de WARN"}
{"level":"error","message":"Este es un mensaje de ERROR"}
{"level":"info","message":"Servidor escuchando en el puerto 8080"}
{"level":"info","message":"Conectado a MongoDB Atlas"}
{"level":"error","message":"Este es un mensaje de ERROR"}
{"level":"fatal","message":"Este es un mensaje de FATAL"}
{"level":"error","message":"Este es un mensaje de ERROR"}
{"level":"fatal","message":"Este es un mensaje de FATAL"}
{"level":"error","message":"Este es un mensaje de ERROR"}
{"level":"fatal","message":"Este es un mensaje de FATAL"}
{"level":"error","message":"Este es un mensaje de ERROR"}
{"level":"fatal","message":"Este es un mensaje de FATAL"}
{"level":"error","message":"Este es un mensaje de ERROR"}
{"level":"fatal","message":"Este es un mensaje de FATAL"}
