2024-10-08 21:16:28 [info]: Configuración del logger: Entorno -> undefined, Nivel de log -> info
2024-10-08 21:16:29 [info]: Servidor escuchando en el puerto 8080
2024-10-08 21:16:31 [info]: Conectado a MongoDB Atlas
2024-10-08 21:31:10 [info]: Configuración del logger: Entorno -> undefined, Nivel de log -> info
2024-10-08 21:31:10 [info]: Servidor escuchando en el puerto 8080
2024-10-08 21:32:19 [info]: Configuración del logger: Entorno -> undefined, Nivel de log -> info
2024-10-08 21:32:19 [info]: Servidor escuchando en el puerto 8080
2024-10-08 21:38:17 [info]: Configuración del logger: Entorno -> undefined, Nivel de log -> info
2024-10-08 21:38:17 [info]: Servidor escuchando en el puerto 8080
2024-10-08 21:39:45 [info]: Configuración del logger: Entorno -> undefined, Nivel de log -> info
2024-10-08 21:39:46 [info]: Servidor escuchando en el puerto 8080
2024-10-08 21:41:14 [info]: Configuración del logger: Entorno -> undefined, Nivel de log -> info
2024-10-08 21:41:14 [info]: Servidor escuchando en el puerto 8080
2024-10-08 21:41:16 [info]: Conectado a MongoDB Atlas
2024-10-08 21:41:19 [error]: Error no controlado: Unknown authentication strategy "local"
2024-10-08 21:41:31 [warn]: Correo ya registrado: juannl1@gmail.com
2024-10-08 21:41:31 [error]: 400 - ValidationError: El correo electrónico ya está registrado.
2024-10-08 21:41:31 [error]: Error controlado: El correo electrónico ya está registrado.
2024-10-08 21:41:36 [warn]: Token no encontrado en las cookies
2024-10-08 21:41:36 [error]: 400 - AuthenticationError: Token inválido o no proporcionado.
2024-10-08 21:41:36 [error]: Error controlado: Token inválido o no proporcionado.
2024-10-08 21:41:43 [error]: Error no controlado: Unknown authentication strategy "local"
2024-10-08 21:41:53 [error]: Error no controlado: Unknown authentication strategy "google"
2024-10-08 21:42:37 [info]: Configuración del logger: Entorno -> undefined, Nivel de log -> info
2024-10-08 21:42:38 [info]: Servidor escuchando en el puerto 8080
2024-10-08 21:42:39 [info]: Conectado a MongoDB Atlas
2024-10-08 21:42:52 [info]: Token de recuperación generado para el usuario: leandrorodriguez1130@gmail.com
2024-10-08 21:42:56 [info]: Correo de recuperación enviado a: leandrorodriguez1130@gmail.com
2024-10-08 21:43:35 [info]: Contraseña actualizada exitosamente para el usuario: leandrorodriguez1130@gmail.com
2024-10-08 21:43:39 [error]: Error no controlado: Unknown authentication strategy "local"
2024-10-08 21:43:41 [error]: Error no controlado: Unknown authentication strategy "local"
2024-10-08 21:43:51 [info]: Configuración del logger: Entorno -> undefined, Nivel de log -> info
2024-10-08 21:43:51 [info]: Servidor escuchando en el puerto 8080
2024-10-08 21:43:53 [info]: Conectado a MongoDB Atlas
2024-10-08 21:43:54 [error]: Error no controlado: Unknown authentication strategy "local"
2024-10-08 21:50:12 [info]: Configuración del logger: Entorno -> undefined, Nivel de log -> info
2024-10-08 21:50:12 [info]: Servidor escuchando en el puerto 8080
2024-10-08 21:50:13 [error]: Error no controlado: Unknown authentication strategy "local"
2024-10-08 21:50:14 [info]: Conectado a MongoDB Atlas
2024-10-08 21:59:41 [info]: Configuración del logger: Entorno -> undefined, Nivel de log -> info
2024-10-08 21:59:41 [info]: Servidor escuchando en el puerto 8080
2024-10-08 21:59:43 [info]: Conectado a MongoDB Atlas
2024-10-08 22:01:16 [info]: Configuración del logger: Entorno -> undefined, Nivel de log -> info
2024-10-08 22:01:17 [info]: Servidor escuchando en el puerto 8080
2024-10-08 22:01:18 [info]: Conectado a MongoDB Atlas
2024-10-08 22:03:45 [info]: Configuración del logger: Entorno -> undefined, Nivel de log -> info
2024-10-08 22:03:46 [info]: Servidor escuchando en el puerto 8080
2024-10-08 22:03:47 [info]: Conectado a MongoDB Atlas
2024-10-08 22:03:54 [error]: Error no controlado: Unknown authentication strategy "local"
2024-10-08 22:07:39 [info]: Configuración del logger: Entorno -> undefined, Nivel de log -> info
2024-10-08 22:07:39 [info]: Servidor escuchando en el puerto 8080
2024-10-08 22:07:41 [info]: Conectado a MongoDB Atlas
2024-10-08 22:09:32 [info]: Configuración del logger: Entorno -> undefined, Nivel de log -> info
2024-10-08 22:09:33 [info]: Servidor escuchando en el puerto 8080
2024-10-08 22:09:35 [info]: Conectado a MongoDB Atlas
2024-10-08 22:09:39 [info]: Configuración del logger: Entorno -> undefined, Nivel de log -> info
2024-10-08 22:09:40 [info]: Servidor escuchando en el puerto 8080
2024-10-08 22:09:41 [info]: Conectado a MongoDB Atlas
2024-10-08 22:09:55 [error]: Error no controlado: Unknown authentication strategy "local"
2024-10-08 22:11:18 [info]: Configuración del logger: Entorno -> undefined, Nivel de log -> info
2024-10-08 22:11:19 [info]: Servidor escuchando en el puerto 8080
2024-10-08 22:11:19 [error]: Error no controlado: Unknown authentication strategy "local"
2024-10-08 22:11:20 [info]: Conectado a MongoDB Atlas
2024-10-08 22:13:24 [info]: Configuración del logger: Entorno -> undefined, Nivel de log -> info
2024-10-08 22:13:25 [info]: Servidor escuchando en el puerto 8080
2024-10-08 22:13:26 [info]: Conectado a MongoDB Atlas
2024-10-08 22:14:03 [error]: Error no controlado: Unknown authentication strategy "local"
2024-10-08 22:16:33 [info]: Configuración del logger: Entorno -> undefined, Nivel de log -> info
2024-10-08 22:16:34 [info]: Servidor escuchando en el puerto 8080
2024-10-08 22:16:36 [info]: Conectado a MongoDB Atlas
2024-10-08 22:16:39 [error]: Error no controlado: Unknown authentication strategy "local"
2024-10-08 22:45:18 [info]: Configuración del logger: Entorno -> undefined, Nivel de log -> info
2024-10-08 22:45:19 [info]: Servidor escuchando en el puerto 8080
2024-10-08 22:45:20 [info]: Conectado a MongoDB Atlas
2024-10-08 22:45:26 [error]: Error no controlado: Unknown authentication strategy "local"
2024-10-08 22:45:44 [info]: Configuración del logger: Entorno -> undefined, Nivel de log -> info
2024-10-08 22:45:45 [info]: Servidor escuchando en el puerto 8080
2024-10-08 22:45:46 [info]: Conectado a MongoDB Atlas
2024-10-08 22:45:46 [error]: Error no controlado: Unknown authentication strategy "local"
2024-10-08 23:01:37 [info]: Configuración del logger: Entorno -> undefined, Nivel de log -> info
2024-10-08 23:01:38 [info]: Servidor escuchando en el puerto 8080
2024-10-08 23:01:40 [info]: Conectado a MongoDB Atlas
2024-10-08 23:01:41 [error]: Error no controlado: Unknown authentication strategy "local"
2024-10-08 23:47:52 [warn]: Correo ya registrado: juannl1@gmail.com
2024-10-08 23:47:52 [error]: 400 - ValidationError: El correo electrónico ya está registrado.
2024-10-08 23:47:52 [error]: Error controlado: El correo electrónico ya está registrado.
2024-10-08 23:47:57 [info]: Usuario registrado con éxito: juannFl1@gmail.com
2024-10-08 23:48:08 [info]: Token de recuperación generado para el usuario: leandrorodriguez1130@gmail.com
2024-10-08 23:48:11 [info]: Correo de recuperación enviado a: leandrorodriguez1130@gmail.com
2024-10-08 23:48:19 [warn]: Token no encontrado en las cookies
2024-10-08 23:48:19 [error]: 400 - AuthenticationError: Token inválido o no proporcionado.
2024-10-08 23:48:19 [error]: Error controlado: Token inválido o no proporcionado.
2024-10-08 23:48:26 [error]: Error no controlado: Unknown authentication strategy "local"
2024-10-09 00:01:41 [info]: Configuración del logger: Entorno -> undefined, Nivel de log -> info
2024-10-09 00:01:42 [info]: Servidor escuchando en el puerto 8080
2024-10-09 00:01:43 [info]: Conectado a MongoDB Atlas
2024-10-09 00:03:33 [info]: Configuración del logger: Entorno -> undefined, Nivel de log -> info
2024-10-09 00:03:34 [info]: Servidor escuchando en el puerto 8080
2024-10-09 00:03:35 [info]: Conectado a MongoDB Atlas
2024-10-09 00:03:48 [error]: Error no controlado: Unknown authentication strategy "local"
