2024-10-08 21:41:19 [error]: Error no controlado: Unknown authentication strategy "local"
2024-10-08 21:41:31 [error]: 400 - ValidationError: El correo electrónico ya está registrado.
2024-10-08 21:41:31 [error]: Error controlado: El correo electrónico ya está registrado.
2024-10-08 21:41:36 [error]: 400 - AuthenticationError: Token inválido o no proporcionado.
2024-10-08 21:41:36 [error]: Error controlado: Token inválido o no proporcionado.
2024-10-08 21:41:43 [error]: Error no controlado: Unknown authentication strategy "local"
2024-10-08 21:41:53 [error]: Error no controlado: Unknown authentication strategy "google"
2024-10-08 21:43:39 [error]: Error no controlado: Unknown authentication strategy "local"
2024-10-08 21:43:41 [error]: Error no controlado: Unknown authentication strategy "local"
2024-10-08 21:43:54 [error]: Error no controlado: Unknown authentication strategy "local"
2024-10-08 21:50:13 [error]: Error no controlado: Unknown authentication strategy "local"
2024-10-08 22:03:54 [error]: Error no controlado: Unknown authentication strategy "local"
2024-10-08 22:09:55 [error]: Error no controlado: Unknown authentication strategy "local"
2024-10-08 22:11:19 [error]: Error no controlado: Unknown authentication strategy "local"
2024-10-08 22:14:03 [error]: Error no controlado: Unknown authentication strategy "local"
2024-10-08 22:16:39 [error]: Error no controlado: Unknown authentication strategy "local"
2024-10-08 22:45:26 [error]: Error no controlado: Unknown authentication strategy "local"
2024-10-08 22:45:46 [error]: Error no controlado: Unknown authentication strategy "local"
2024-10-08 23:01:41 [error]: Error no controlado: Unknown authentication strategy "local"
2024-10-08 23:47:52 [error]: 400 - ValidationError: El correo electrónico ya está registrado.
2024-10-08 23:47:52 [error]: Error controlado: El correo electrónico ya está registrado.
2024-10-08 23:48:19 [error]: 400 - AuthenticationError: Token inválido o no proporcionado.
2024-10-08 23:48:19 [error]: Error controlado: Token inválido o no proporcionado.
2024-10-08 23:48:26 [error]: Error no controlado: Unknown authentication strategy "local"
2024-10-09 00:03:48 [error]: Error no controlado: Unknown authentication strategy "local"
